Arguments: 
  /opt/homebrew/Cellar/node/16.1.0/bin/node /opt/homebrew/Cellar/yarn/1.22.10/libexec/bin/yarn.js add -D sass-loader@10.2.0 node-sass@6.0.0

PATH: 
  /opt/homebrew/bin:/usr/local/bin:/usr/bin:/bin:/usr/sbin:/sbin:/opt/homebrew/bin

Yarn version: 
  1.22.10

Node version: 
  16.1.0

Platform: 
  darwin arm64

Trace: 
  Error: ENOENT: no such file or directory, copyfile '/Users/one/Library/Caches/Yarn/v6/npm-lru-cache-6.0.0-6d6fe6570ebd96aaf90fcad1dafa3b2566db3a94-integrity/node_modules/lru-cache/LICENSE' -> '/Users/one/works/appworks-lab/site/node_modules/sass-loader/node_modules/lru-cache/LICENSE'

npm manifest: 
  {
    "private": true,
    "name": "AppWorks",
    "version": "1.0.0",
    "description": "AppWorks Site",
    "scripts": {
      "prepare": "husky install",
      "prettier": "prettier --write \"**/*.{js,vue,md,json}\"",
      "start": "vuepress dev docs",
      "build": "vuepress build docs"
    },
    "dependencies": {
      "glob": "^7.1.6",
      "gray-matter": "^4.0.2",
      "markdown-it-multimd-table": "^4.0.3",
      "vuepress": "^1.8.2"
    },
    "devDependencies": {
      "@iceworks/spec": "^1.3.2",
      "husky": "^6.0.0",
      "prettier": "^2.3.0"
    }
  }

yarn manifest: 
  No manifest

Lockfile: 
  No lockfile
